<?xml version="1.0" encoding="UTF-8"?>
<!-- Generated by org.testng.reporters.JUnitReportReporter -->
<testsuite hostname="L-BE-5CG145BF9M" failures="0" tests="1" name="tests.RegisterTests" time="14.324" errors="0" timestamp="2023-05-29T13:57:04 CEST" skipped="0">
  <testcase classname="tests.RegisterTests" name="registerWithExistingEmail" time="14.324"/>
  <system-out/>
</testsuite> <!-- tests.RegisterTests -->
