<?xml version="1.0" encoding="UTF-8"?>
<!-- Generated by org.testng.reporters.JUnitReportReporter -->
<testsuite hostname="MacBook-Pro-de-Ilyas.local" failures="0" tests="1" name="tests.SortingTests" time="13.351" errors="0" timestamp="2023-05-23T21:51:11 CEST" skipped="0">
  <testcase classname="tests.SortingTests" name="sortingByPriceTest" time="13.351"/>
  <system-out/>
</testsuite> <!-- tests.SortingTests -->
