<?xml version="1.0" encoding="UTF-8"?>
<!-- Generated by org.testng.reporters.JUnitReportReporter -->
<testsuite hostname="L-BE-5CG145BF9M" failures="0" tests="1" name="tests.LoginTests" time="14.467" errors="0" timestamp="2023-05-29T13:57:04 CEST" skipped="0">
  <testcase classname="tests.LoginTests" name="loginWithWrongCredentials" time="14.467"/>
  <system-out/>
</testsuite> <!-- tests.LoginTests -->
